<?xml version="1.0" encoding="UTF-8"?>
<testng-results skipped="0" failed="0" ignored="0" total="1" passed="1">
  <reporter-output>
  </reporter-output>
  <suite name="Default suite" duration-ms="3996" started-at="2018-04-27T04:55:08Z" finished-at="2018-04-27T04:55:12Z">
    <groups>
    </groups>
    <test name="Default test" duration-ms="3996" started-at="2018-04-27T04:55:08Z" finished-at="2018-04-27T04:55:12Z">
      <class name="com.Rest.RestAssuredFW.CreateSimpleRule">
        <test-method status="PASS" signature="init()[pri:0, instance:com.Rest.RestAssuredFW.CreateSimpleRule@2286778]" name="init" is-config="true" duration-ms="15" started-at="2018-04-27T10:25:08Z" finished-at="2018-04-27T10:25:08Z">
          <reporter-output>
          </reporter-output>
        </test-method> <!-- init -->
        <test-method status="PASS" signature="SimpelRule()[pri:0, instance:com.Rest.RestAssuredFW.CreateSimpleRule@2286778]" name="SimpelRule" duration-ms="3959" started-at="2018-04-27T10:25:08Z" finished-at="2018-04-27T10:25:12Z">
          <reporter-output>
          </reporter-output>
        </test-method> <!-- SimpelRule -->
        <test-method status="PASS" signature="setUp()[pri:0, instance:com.Rest.RestAssuredFW.CreateSimpleRule@2286778]" name="setUp" is-config="true" duration-ms="0" started-at="2018-04-27T10:25:08Z" finished-at="2018-04-27T10:25:08Z">
          <reporter-output>
          </reporter-output>
        </test-method> <!-- setUp -->
      </class> <!-- com.Rest.RestAssuredFW.CreateSimpleRule -->
    </test> <!-- Default test -->
  </suite> <!-- Default suite -->
</testng-results>
